#-----------------------------------------------------------
# Vivado v2016.1 (64-bit)
# SW Build 1538259 on Fri Apr  8 15:45:27 MDT 2016
# IP Build 1537824 on Fri Apr  8 04:28:57 MDT 2016
# Start of session at: Fri Aug 09 12:11:49 2019
# Process ID: 4276
# Current directory: G:/my_project_reader/archived_pro
# Command line: vivado.exe -gui_launcher_event rodinguilauncherevent4976 G:\my_project_reader\archived_pro\archived_pro.xpr
# Log file: G:/my_project_reader/archived_pro/vivado.log
# Journal file: G:/my_project_reader/archived_pro\vivado.jou
#-----------------------------------------------------------
start_gui
open_project G:/my_project_reader/archived_pro/archived_pro.xpr
INFO: [Project 1-313] Project file moved from 'G:/arty/IRIG_READER_LOGIC/archived_pro' since last save.
Scanning sources...
Finished scanning sources
INFO: [IP_Flow 19-234] Refreshing IP repositories
INFO: [IP_Flow 19-1704] No user IP repositories specified
INFO: [IP_Flow 19-2313] Loaded Vivado IP repository 'C:/Xilinx/Vivado/2016.1/data/ip'.
update_compile_order -fileset sources_1
ERROR: [Vivado 12-106] *** Exception: java.lang.IllegalArgumentException: Comparison method violates its general contract! (See G:/my_project_reader/archived_pro/vivado_pid4276.debug)
ERROR: [Vivado 12-106] *** Exception: java.lang.IllegalArgumentException: Comparison method violates its general contract! (See G:/my_project_reader/archived_pro/vivado_pid4276.debug)
exit
INFO: [Common 17-206] Exiting Vivado at Fri Aug 09 12:57:58 2019...
